benchmark=interrupt_race_bug
variant=fixed
seed=1
firmware_hex=firmware/build/interrupt_race_bug/fixed.hex
firmware_sha256=acc2d9c45d5403575a85a04d26e57a4cbba6de6b00fb79131ce419e6a9df12f9
firmware_source=compiler_c
compiler_backed=true
compiler=riscv-none-elf-gcc.EXE
compiler_version=riscv-none-elf-gcc.EXE (xPack GNU RISC-V Embedded GCC x86_64) 15.2.0
compiler_flags=-march=rv32i -mabi=ilp32 -O2 -ffreestanding -fno-builtin -nostdlib -nostartfiles -Wall -Wextra
expected_property_id=0
observed_property_id=0
record_returncode=0
replay_returncode=0
error_code=NA
cycles_reached=100000
commits_reached=33326
main_returned=unknown_from_current_symbol_set
post_main_infinite_loop=inspect_pc_trace
interrupt_events=inspect_property_trace_and_interrupt_trace
mmio_accesses=inspect_mmio_trace
property_checker_io=inspect_property_trace
record_stdout=PASS record benchmark=interrupt_race_bug variant=fixed seed=1 arch=v2 recorder_config=full property=0 events=33332 cycles=100000 commits=33326 notes="no false property failure"\n
replay_stdout=PASS replay benchmark=interrupt_race_bug variant=fixed seed=1 arch=v2 recorder_config=full property=0 events=33333 cycles=100000 commits=33327 notes="record/replay replay-critical events match; diagnostic/context event counts differ record=33332 replay=33333; rtl replay consumer consumed 33332/33332"\n
