benchmark=watchdog_timeout_bug
variant=fixed
seed=1
firmware_hex=firmware/build/watchdog_timeout_bug/fixed.hex
firmware_sha256=ab62f3c169a35249aff83a3f6589bf59e94dd747dc16c4636346f9adc6ac0123
firmware_source=compiler_c
compiler_backed=true
compiler=riscv-none-elf-gcc.EXE
compiler_version=riscv-none-elf-gcc.EXE (xPack GNU RISC-V Embedded GCC x86_64) 15.2.0
compiler_flags=-march=rv32i -mabi=ilp32 -O2 -ffreestanding -fno-builtin -nostdlib -nostartfiles -Wall -Wextra
expected_property_id=0
observed_property_id=0
record_returncode=0
replay_returncode=0
error_code=NA
cycles_reached=100000
commits_reached=33322
main_returned=unknown_from_current_symbol_set
post_main_infinite_loop=inspect_pc_trace
interrupt_events=inspect_property_trace_and_interrupt_trace
mmio_accesses=inspect_mmio_trace
property_checker_io=inspect_property_trace
record_stdout=PASS record benchmark=watchdog_timeout_bug variant=fixed seed=1 arch=v2 recorder_config=core property=0 events=8 cycles=100000 commits=33322 notes="no false property failure"\n
replay_stdout=PASS replay benchmark=watchdog_timeout_bug variant=fixed seed=1 arch=v2 recorder_config=core property=0 events=8 cycles=100000 commits=33322 notes="record/replay capsule packets match"\n
