make[2]: Entering directory './.cache/replaycapsule-rv/verilator/obj_dir_depth256'
g++  -I.  -MMD -I..tools/oss-cad-suite/oss-cad-suite/share/verilator/include -I..tools/oss-cad-suite/oss-cad-suite/share/verilator/include/vltstd -DVERILATOR=1 -DVM_COVERAGE=0 -DVM_SC=0 -DVM_TIMING=0 -DVM_TRACE=0 -DVM_TRACE_FST=0 -DVM_TRACE_VCD=0 -DVM_TRACE_SAIF=0 -faligned-new -fcf-protection=none -Wno-bool-operation -Wno-int-in-bool-context -Wno-shadow -Wno-sign-compare -Wno-subobject-linkage -Wno-tautological-compare -Wno-uninitialized -Wno-unused-but-set-parameter -Wno-unused-but-set-variable -Wno-unused-parameter -Wno-unused-variable    -std=c++17 -O2 -I.tb/verilator   -Os  -c -o capsule_io.o .tb/verilator/capsule_io.cpp
g++  -I.  -MMD -I..tools/oss-cad-suite/oss-cad-suite/share/verilator/include -I..tools/oss-cad-suite/oss-cad-suite/share/verilator/include/vltstd -DVERILATOR=1 -DVM_COVERAGE=0 -DVM_SC=0 -DVM_TIMING=0 -DVM_TRACE=0 -DVM_TRACE_FST=0 -DVM_TRACE_VCD=0 -DVM_TRACE_SAIF=0 -faligned-new -fcf-protection=none -Wno-bool-operation -Wno-int-in-bool-context -Wno-shadow -Wno-sign-compare -Wno-subobject-linkage -Wno-tautological-compare -Wno-uninitialized -Wno-unused-but-set-parameter -Wno-unused-but-set-variable -Wno-unused-parameter -Wno-unused-variable    -std=c++17 -O2 -I.tb/verilator   -Os  -c -o main.o .tb/verilator/main.cpp
g++  -I.  -MMD -I..tools/oss-cad-suite/oss-cad-suite/share/verilator/include -I..tools/oss-cad-suite/oss-cad-suite/share/verilator/include/vltstd -DVERILATOR=1 -DVM_COVERAGE=0 -DVM_SC=0 -DVM_TIMING=0 -DVM_TRACE=0 -DVM_TRACE_FST=0 -DVM_TRACE_VCD=0 -DVM_TRACE_SAIF=0 -faligned-new -fcf-protection=none -Wno-bool-operation -Wno-int-in-bool-context -Wno-shadow -Wno-sign-compare -Wno-subobject-linkage -Wno-tautological-compare -Wno-uninitialized -Wno-unused-but-set-parameter -Wno-unused-but-set-variable -Wno-unused-parameter -Wno-unused-variable    -std=c++17 -O2 -I.tb/verilator   -Os  -c -o rtl_harness.o .tb/verilator/rtl_harness.cpp
g++ -Os  -I.  -MMD -I..tools/oss-cad-suite/oss-cad-suite/share/verilator/include -I..tools/oss-cad-suite/oss-cad-suite/share/verilator/include/vltstd -DVERILATOR=1 -DVM_COVERAGE=0 -DVM_SC=0 -DVM_TIMING=0 -DVM_TRACE=0 -DVM_TRACE_FST=0 -DVM_TRACE_VCD=0 -DVM_TRACE_SAIF=0 -faligned-new -fcf-protection=none -Wno-bool-operation -Wno-int-in-bool-context -Wno-shadow -Wno-sign-compare -Wno-subobject-linkage -Wno-tautological-compare -Wno-uninitialized -Wno-unused-but-set-parameter -Wno-unused-but-set-variable -Wno-unused-parameter -Wno-unused-variable    -std=c++17 -O2 -I.tb/verilator   -c -o verilated.o ..tools/oss-cad-suite/oss-cad-suite/share/verilator/include/verilated.cpp
..tools/oss-cad-suite/oss-cad-suite/share/verilator/include/verilated.cpp:78:10: warning: 'STDOUT_FILENO' redefined
   78 | # define STDOUT_FILENO _fileno(stdout)
      |          ^~~~~~~~~~~~~
In file included from ./.tools/winlibs/mingw64/x86_64-w64-mingw32/include/locale.h:12,
                 from ./.tools/winlibs/mingw64/include/c++/16.1.0/clocale:47,
                 from ./.tools/winlibs/mingw64/include/c++/16.1.0/x86_64-w64-mingw32/bits/c++locale.h:41,
                 from ./.tools/winlibs/mingw64/include/c++/16.1.0/bits/localefwd.h:42,
                 from ./.tools/winlibs/mingw64/include/c++/16.1.0/string:48,
                 from ..tools/oss-cad-suite/oss-cad-suite/share/verilator/include/verilatedos.h:653,
                 from ..tools/oss-cad-suite/oss-cad-suite/share/verilator/include/verilated.cpp:51:
./.tools/winlibs/mingw64/x86_64-w64-mingw32/include/stdio.h:75:9: note: this is the location of the previous definition
   75 | #define STDOUT_FILENO   1
      |         ^~~~~~~~~~~~~
..tools/oss-cad-suite/oss-cad-suite/share/verilator/include/verilated.cpp:79:10: warning: 'STDERR_FILENO' redefined
   79 | # define STDERR_FILENO _fileno(stderr)
      |          ^~~~~~~~~~~~~
./.tools/winlibs/mingw64/x86_64-w64-mingw32/include/stdio.h:76:9: note: this is the location of the previous definition
   76 | #define STDERR_FILENO   2
      |         ^~~~~~~~~~~~~
g++ -Os  -I.  -MMD -I..tools/oss-cad-suite/oss-cad-suite/share/verilator/include -I..tools/oss-cad-suite/oss-cad-suite/share/verilator/include/vltstd -DVERILATOR=1 -DVM_COVERAGE=0 -DVM_SC=0 -DVM_TIMING=0 -DVM_TRACE=0 -DVM_TRACE_FST=0 -DVM_TRACE_VCD=0 -DVM_TRACE_SAIF=0 -faligned-new -fcf-protection=none -Wno-bool-operation -Wno-int-in-bool-context -Wno-shadow -Wno-sign-compare -Wno-subobject-linkage -Wno-tautological-compare -Wno-uninitialized -Wno-unused-but-set-parameter -Wno-unused-but-set-variable -Wno-unused-parameter -Wno-unused-variable    -std=c++17 -O2 -I.tb/verilator   -c -o verilated_threads.o ..tools/oss-cad-suite/oss-cad-suite/share/verilator/include/verilated_threads.cpp
python3 ..tools/oss-cad-suite/oss-cad-suite/share/verilator/bin/verilator_includer -DVL_INCLUDE_OPT=include Vreplaycapsule_verilator_top.cpp Vreplaycapsule_verilator_top___024root__0.cpp Vreplaycapsule_verilator_top___024root__Slow.cpp Vreplaycapsule_verilator_top___024root__0__Slow.cpp Vreplaycapsule_verilator_top__Syms__Slow.cpp > Vreplaycapsule_verilator_top__ALL.cpp
g++ -Os  -I.  -MMD -I..tools/oss-cad-suite/oss-cad-suite/share/verilator/include -I..tools/oss-cad-suite/oss-cad-suite/share/verilator/include/vltstd -DVERILATOR=1 -DVM_COVERAGE=0 -DVM_SC=0 -DVM_TIMING=0 -DVM_TRACE=0 -DVM_TRACE_FST=0 -DVM_TRACE_VCD=0 -DVM_TRACE_SAIF=0 -faligned-new -fcf-protection=none -Wno-bool-operation -Wno-int-in-bool-context -Wno-shadow -Wno-sign-compare -Wno-subobject-linkage -Wno-tautological-compare -Wno-uninitialized -Wno-unused-but-set-parameter -Wno-unused-but-set-variable -Wno-unused-parameter -Wno-unused-variable    -std=c++17 -O2 -I.tb/verilator   -c -o Vreplaycapsule_verilator_top__ALL.o Vreplaycapsule_verilator_top__ALL.cpp
g++    capsule_io.o main.o rtl_harness.o verilated.o verilated_threads.o Vreplaycapsule_verilator_top__ALL.a    -pthread -lpthread -latomic   -o ./.cache/replaycapsule-rv/verilator/replaycapsule_sim.exe
rm Vreplaycapsule_verilator_top__ALL.verilator_deplist.tmp
make[2]: Leaving directory './.cache/replaycapsule-rv/verilator/obj_dir_depth256'
- V e r i l a t i o n   R e p o r t: Verilator 5.049 devel rev v5.048-331-g0ebae4371 (mod)
- Verilator: Built from 2.454 MB sources in 25 modules, into 0.807 MB in 5 C++ files needing 0.001 MB
- Verilator: Walltime 12.683 s (elab=0.031, cvt=0.073, bld=12.495); cpu 0.000 s on 1 threads; allocated 31.645 MB
