benchmark=sensor_threshold_bug
variant=failing
seed=1
firmware_hex=firmware/build/sensor_threshold_bug/failing.hex
firmware_sha256=4b1fe5a61c08b99a6e9ae73c6e6c92a53e4bfeb716c0d5c9dacbb1f4b86c9b4a
firmware_source=compiler_c
compiler_backed=true
compiler=riscv-none-elf-gcc.EXE
compiler_version=riscv-none-elf-gcc.EXE (xPack GNU RISC-V Embedded GCC x86_64) 15.2.0
compiler_flags=-march=rv32i -mabi=ilp32 -O2 -ffreestanding -fno-builtin -nostdlib -nostartfiles -Wall -Wextra
expected_property_id=3
observed_property_id=3
record_returncode=0
replay_returncode=0
error_code=NA
cycles_reached=128
commits_reached=31
main_returned=unknown_from_current_symbol_set
post_main_infinite_loop=inspect_pc_trace
interrupt_events=inspect_property_trace_and_interrupt_trace
mmio_accesses=inspect_mmio_trace
property_checker_io=inspect_property_trace
record_stdout=PASS record benchmark=sensor_threshold_bug variant=failing seed=1 arch=v2 recorder_config=core property=3 events=1 cycles=128 commits=31 notes="property failure observed"\n
replay_stdout=PASS replay benchmark=sensor_threshold_bug variant=failing seed=1 arch=v2 recorder_config=core property=3 events=1 cycles=127 commits=31 notes="record/replay canonical events match; rtl replay consumer consumed 1/1"\n
